<?xml version="1.0" encoding="UTF-8"?>
<!-- Generated by org.testng.reporters.JUnitReportReporter -->
<testsuite hostname="LAPTOP-KQUAISCN" failures="0" tests="1" name="automation.testsuite.Employee" time="12.114" errors="0" timestamp="2024-10-28T21:26:25 ICT" skipped="0">
  <testcase classname="automation.testsuite.Employee" name="nhanVien" time="12.114"/>
  <system-out/>
</testsuite> <!-- automation.testsuite.Employee -->
