<?xml version="1.0" encoding="UTF-8"?>
<!-- Generated by org.testng.reporters.JUnitReportReporter -->
<testsuite hostname="LAPTOP-KQUAISCN" failures="0" tests="3" name="automation.testsuite.BTVN_Buoi18_DienMayNhapKhauGiaReTest" time="27.017" errors="0" timestamp="2024-12-14T23:36:12 ICT" skipped="0">
  <testcase classname="automation.testsuite.BTVN_Buoi18_DienMayNhapKhauGiaReTest" name="handleZaloWindowPopup" time="9.395"/>
  <system-out/>
  <testcase classname="automation.testsuite.BTVN_Buoi18_DienMayNhapKhauGiaReTest" name="handleZaloWindowPopup" time="9.715"/>
  <system-out/>
  <testcase classname="automation.testsuite.BTVN_Buoi18_DienMayNhapKhauGiaReTest" name="handleZaloWindowPopup" time="7.907"/>
  <system-out/>
</testsuite> <!-- automation.testsuite.BTVN_Buoi18_DienMayNhapKhauGiaReTest -->
