<?xml version="1.0" encoding="UTF-8"?>
<!-- Generated by org.testng.reporters.JUnitReportReporter -->
<testsuite hostname="LAPTOP-KQUAISCN" failures="0" tests="2" name="automation.testsuite.BTNVN_Buoi17_MediaMartTest" time="30.119" errors="0" timestamp="2024-12-11T19:13:58 ICT" skipped="0">
  <testcase classname="automation.testsuite.BTNVN_Buoi17_MediaMartTest" name="messengerIframe" time="18.979"/>
  <system-out/>
  <testcase classname="automation.testsuite.BTNVN_Buoi17_MediaMartTest" name="iFrameZalo" time="11.140"/>
  <system-out/>
</testsuite> <!-- automation.testsuite.BTNVN_Buoi17_MediaMartTest -->
