<?xml version="1.0" encoding="UTF-8"?>
<!-- Generated by org.testng.reporters.JUnitReportReporter -->
<testsuite hostname="LAPTOP-KQUAISCN" failures="0" tests="2" name="automation.testsuite.Day12_Checkbox" time="65.084" errors="0" timestamp="2024-11-17T20:49:14 ICT" skipped="0">
  <testcase classname="automation.testsuite.Day12_Checkbox" name="clickOneRadio" time="31.474"/>
  <system-out/>
  <testcase classname="automation.testsuite.Day12_Checkbox" name="checkDefaultRadioButton" time="33.610"/>
  <system-out/>
</testsuite> <!-- automation.testsuite.Day12_Checkbox -->
