<?xml version="1.0" encoding="UTF-8"?>
<!-- Generated by org.testng.reporters.JUnitReportReporter -->
<testsuite hostname="LAPTOP-KQUAISCN" failures="0" tests="1" name="automation.testsuite.BTVN_Buoi16_DemoGuruAlertPage" time="7.047" errors="0" timestamp="2024-12-05T22:48:57 ICT" skipped="0">
  <testcase classname="automation.testsuite.BTVN_Buoi16_DemoGuruAlertPage" name="AlertPractise" time="7.047"/>
  <system-out/>
</testsuite> <!-- automation.testsuite.BTVN_Buoi16_DemoGuruAlertPage -->
