<?xml version="1.0" encoding="UTF-8"?>
<!-- Generated by org.testng.reporters.JUnitReportReporter -->
<testsuite hostname="LAPTOP-KQUAISCN" failures="0" tests="1" name="automation.testsuite.Day17_IFrame" time="21.997" errors="0" timestamp="2024-12-11T21:32:07 ICT" skipped="0">
  <testcase classname="automation.testsuite.Day17_IFrame" name="dangKyNhanTuVanLoTrinh_ThatBai_ThieuEmail" time="21.997"/>
  <system-out/>
</testsuite> <!-- automation.testsuite.Day17_IFrame -->
