<?xml version="1.0" encoding="UTF-8"?>
<!-- Generated by org.testng.reporters.JUnitReportReporter -->
<testsuite hostname="LAPTOP-KQUAISCN" failures="0" tests="1" name="automation.testsuite.Day15_DatePickerDemoGuruTest" time="4.533" errors="0" timestamp="2024-12-04T09:39:26 ICT" skipped="0">
  <testcase classname="automation.testsuite.Day15_DatePickerDemoGuruTest" name="chooseDatePicker" time="4.533"/>
  <system-out/>
</testsuite> <!-- automation.testsuite.Day15_DatePickerDemoGuruTest -->
