<?xml version="1.0" encoding="UTF-8"?>
<!-- Generated by org.testng.reporters.JUnitReportReporter -->
<testsuite hostname="LAPTOP-KQUAISCN" failures="0" tests="1" name="automation.testsuite.AladaExitProfile" time="61.837" errors="0" timestamp="2024-11-07T21:11:31 ICT" skipped="0">
  <testcase classname="automation.testsuite.AladaExitProfile" name="getAlada" time="61.837"/>
  <system-out/>
</testsuite> <!-- automation.testsuite.AladaExitProfile -->
