<?xml version="1.0" encoding="UTF-8"?>
<!-- Generated by org.testng.reporters.JUnitReportReporter -->
<testsuite hostname="LAPTOP-KQUAISCN" failures="0" tests="5" name="automation.testsuite.Tedu_CapNhapMatKhauTest" time="61.002" errors="0" timestamp="2024-12-04T13:40:28 ICT" skipped="0">
  <testcase classname="automation.testsuite.Tedu_CapNhapMatKhauTest" name="LoginSuccessfully" time="10.002"/>
  <system-out/>
  <testcase classname="automation.testsuite.Tedu_CapNhapMatKhauTest" name="SearchSuccessfully_validValue" time="12.596"/>
  <system-out/>
  <testcase classname="automation.testsuite.Tedu_CapNhapMatKhauTest" name="SearchSuccessfully_keywordNoResults" time="12.825"/>
  <system-out/>
  <testcase classname="automation.testsuite.Tedu_CapNhapMatKhauTest" name="SearchSuccessfully_emptyValue" time="12.764"/>
  <system-out/>
  <testcase classname="automation.testsuite.Tedu_CapNhapMatKhauTest" name="SearchSuccessfully_specialCharacters" time="12.815"/>
  <system-out/>
</testsuite> <!-- automation.testsuite.Tedu_CapNhapMatKhauTest -->
