<?xml version="1.0" encoding="UTF-8"?>
<!-- Generated by org.testng.reporters.JUnitReportReporter -->
<testsuite hostname="LAPTOP-KQUAISCN" failures="0" tests="1" name="automation.testsuite.BTVN_B14_Alada_EditInformationTest" time="85.213" errors="0" timestamp="2024-12-01T01:36:11 ICT" skipped="0">
  <testcase classname="automation.testsuite.BTVN_B14_Alada_EditInformationTest" name="EditPasswordSuccessfully" time="85.213"/>
  <system-out/>
</testsuite> <!-- automation.testsuite.BTVN_B14_Alada_EditInformationTest -->
