<?xml version="1.0" encoding="UTF-8"?>
<!-- Generated by org.testng.reporters.JUnitReportReporter -->
<testsuite hostname="LAPTOP-KQUAISCN" failures="0" tests="5" name="automation.testsuite.BTVN_B13_Crmstar_LoginTest" time="32.522" errors="0" timestamp="2024-11-24T03:00:11 ICT" skipped="0">
  <testcase classname="automation.testsuite.BTVN_B13_Crmstar_LoginTest" name="loginSuccessfully" time="5.462"/>
  <system-out/>
  <testcase classname="automation.testsuite.BTVN_B13_Crmstar_LoginTest" name="loginFail_IncorrectEmail" time="4.287"/>
  <system-out/>
  <testcase classname="automation.testsuite.BTVN_B13_Crmstar_LoginTest" name="loginFail_IncorrectPassword" time="3.750"/>
  <system-out/>
  <testcase classname="automation.testsuite.BTVN_B13_Crmstar_LoginTest" name="loginFail_IncorrectEmailAndPassword" time="4.174"/>
  <system-out/>
  <testcase classname="automation.testsuite.BTVN_B13_Crmstar_LoginTest" name="logout" time="14.849"/>
  <system-out/>
</testsuite> <!-- automation.testsuite.BTVN_B13_Crmstar_LoginTest -->
