<?xml version="1.0" encoding="UTF-8"?>
<!-- Generated by org.testng.reporters.JUnitReportReporter -->
<testsuite hostname="LAPTOP-KQUAISCN" failures="0" tests="1" name="automation.testsuite.LoginTest_Day14" time="6.324" errors="0" timestamp="2024-11-27T20:45:57 ICT" skipped="0">
  <testcase classname="automation.testsuite.LoginTest_Day14" name="LoginSuccessfully" time="6.324"/>
  <system-out/>
</testsuite> <!-- automation.testsuite.LoginTest_Day14 -->
