<?xml version="1.0" encoding="UTF-8"?>
<!-- Generated by org.testng.reporters.JUnitReportReporter -->
<testsuite hostname="LAPTOP-KQUAISCN" failures="0" tests="1" name="automation.testsuite.Selectorshub" time="6.252" errors="0" timestamp="2024-11-03T23:05:12 ICT" skipped="0">
  <testcase classname="automation.testsuite.Selectorshub" name="getSelectorhub" time="6.252"/>
  <system-out/>
</testsuite> <!-- automation.testsuite.Selectorshub -->
