<?xml version="1.0" encoding="UTF-8"?>
<!-- Generated by org.testng.reporters.JUnitReportReporter -->
<testsuite hostname="LAPTOP-KQUAISCN" failures="0" tests="1" name="automation.testsuite.BTNVN_Buoi17_B2_IframeZaloTest" time="12.722" errors="0" timestamp="2024-12-10T23:12:22 ICT" skipped="0">
  <testcase classname="automation.testsuite.BTNVN_Buoi17_B2_IframeZaloTest" name="messengerIframe" time="12.722"/>
  <system-out/>
</testsuite> <!-- automation.testsuite.BTNVN_Buoi17_B2_IframeZaloTest -->
