<?xml version="1.0" encoding="UTF-8"?>
<!-- Generated by org.testng.reporters.JUnitReportReporter -->
<testsuite hostname="LAPTOP-KQUAISCN" failures="0" tests="1" name="automation.testsuite.LocatorPractice" time="8.376" errors="0" timestamp="2024-10-30T21:18:59 ICT" skipped="0">
  <testcase classname="automation.testsuite.LocatorPractice" name="getLocatorBepAnToan" time="8.376"/>
  <system-out/>
</testsuite> <!-- automation.testsuite.LocatorPractice -->
