<?xml version="1.0" encoding="UTF-8"?>
<!-- Generated by org.testng.reporters.JUnitReportReporter -->
<testsuite hostname="LAPTOP-KQUAISCN" failures="0" tests="1" name="automation.testsuite.AladaSignUp" time="21.790" errors="0" timestamp="2024-11-07T20:25:14 ICT" skipped="0">
  <testcase classname="automation.testsuite.AladaSignUp" name="getAlada" time="21.790"/>
  <system-out/>
</testsuite> <!-- automation.testsuite.AladaSignUp -->
