<?xml version="1.0" encoding="UTF-8"?>
<!-- Generated by org.testng.reporters.JUnitReportReporter -->
<testsuite hostname="LAPTOP-KQUAISCN" failures="0" tests="1" name="automation.testsuite.Day12_Dropdownlist" time="8.627" errors="0" timestamp="2024-11-19T23:21:45 ICT" skipped="0">
  <testcase classname="automation.testsuite.Day12_Dropdownlist" name="chooseAWSOption" time="8.627"/>
  <system-out/>
</testsuite> <!-- automation.testsuite.Day12_Dropdownlist -->
