<?xml version="1.0" encoding="UTF-8"?>
<!-- Generated by org.testng.reporters.JUnitReportReporter -->
<testsuite hostname="LAPTOP-KQUAISCN" failures="0" tests="1" name="automation.testsuite.BTVN_B14_Alada_LoginTest" time="64.584" errors="0" timestamp="2024-12-01T02:05:36 ICT" skipped="0">
  <testcase classname="automation.testsuite.BTVN_B14_Alada_LoginTest" name="LoginSuccessfully" time="64.584"/>
  <system-out/>
</testsuite> <!-- automation.testsuite.BTVN_B14_Alada_LoginTest -->
