<?xml version="1.0" encoding="UTF-8"?>
<!-- Generated by org.testng.reporters.JUnitReportReporter -->
<testsuite hostname="LAPTOP-KQUAISCN" failures="0" tests="3" name="automation.testsuite.Tedu_CapNhapMatKhauTest" time="36.186" errors="0" timestamp="2024-12-04T10:46:37 ICT" skipped="0">
  <testcase classname="automation.testsuite.Tedu_CapNhapMatKhauTest" name="UpdatePasswordSuccessfully" time="14.310"/>
  <system-out/>
  <testcase classname="automation.testsuite.Tedu_CapNhapMatKhauTest" name="LoginSuccessfully" time="9.134"/>
  <system-out/>
  <testcase classname="automation.testsuite.Tedu_CapNhapMatKhauTest" name="SearchSuccessfully" time="12.742"/>
  <system-out/>
</testsuite> <!-- automation.testsuite.Tedu_CapNhapMatKhauTest -->
