<?xml version="1.0" encoding="UTF-8"?>
<!-- Generated by org.testng.reporters.JUnitReportReporter -->
<testsuite hostname="LAPTOP-KQUAISCN" failures="0" tests="1" name="automation.testsuite.DemopaForm" time="29.663" errors="0" timestamp="2024-11-17T13:48:56 ICT" skipped="0">
  <testcase classname="automation.testsuite.DemopaForm" name="getDemopaForm" time="29.663"/>
  <system-out/>
</testsuite> <!-- automation.testsuite.DemopaForm -->
