<?xml version="1.0" encoding="UTF-8"?>
<!-- Generated by org.testng.reporters.JUnitReportReporter -->
<testsuite hostname="LAPTOP-KQUAISCN" failures="0" tests="1" name="automation.testsuite.Telerik" time="8.168" errors="0" timestamp="2024-11-07T21:17:34 ICT" skipped="0">
  <testcase classname="automation.testsuite.Telerik" name="getTelerik" time="8.168"/>
  <system-out/>
</testsuite> <!-- automation.testsuite.Telerik -->
