<?xml version="1.0" encoding="UTF-8"?>
<!-- Generated by org.testng.reporters.JUnitReportReporter -->
<testsuite hostname="LAPTOP-KQUAISCN" failures="0" tests="1" name="automation.testsuite.BTNVN_Buoi17_IframeZaloTest" time="11.191" errors="0" timestamp="2024-12-10T22:53:51 ICT" skipped="0">
  <testcase classname="automation.testsuite.BTNVN_Buoi17_IframeZaloTest" name="iFrameZalo" time="11.191"/>
  <system-out/>
</testsuite> <!-- automation.testsuite.BTNVN_Buoi17_IframeZaloTest -->
