<?xml version="1.0" encoding="UTF-8"?>
<!-- Generated by org.testng.reporters.JUnitReportReporter -->
<testsuite hostname="LAPTOP-KQUAISCN" failures="0" tests="1" name="automation.testsuite.BTVN_Buoi16_SeleniumPractise_AlertTest" time="17.359" errors="0" timestamp="2024-12-08T19:05:49 ICT" skipped="0">
  <testcase classname="automation.testsuite.BTVN_Buoi16_SeleniumPractise_AlertTest" name="AlertPractise" time="17.359"/>
  <system-out/>
</testsuite> <!-- automation.testsuite.BTVN_Buoi16_SeleniumPractise_AlertTest -->
