<?xml version="1.0" encoding="UTF-8"?>
<!-- Generated by org.testng.reporters.JUnitReportReporter -->
<testsuite hostname="LAPTOP-KQUAISCN" failures="0" tests="1" name="automation.testsuite.Google" time="2.722" errors="0" timestamp="2024-11-03T23:30:32 ICT" skipped="0">
  <testcase classname="automation.testsuite.Google" name="getGoogle" time="2.722"/>
  <system-out/>
</testsuite> <!-- automation.testsuite.Google -->
