<?xml version="1.0" encoding="UTF-8"?>
<!-- Generated by org.testng.reporters.JUnitReportReporter -->
<testsuite hostname="LAPTOP-KQUAISCN" failures="0" tests="1" name="automation.testsuite.Day16_Alert" time="7.078" errors="0" timestamp="2024-12-05T16:46:20 ICT" skipped="0">
  <testcase classname="automation.testsuite.Day16_Alert" name="ThucHanh" time="7.078"/>
  <system-out/>
</testsuite> <!-- automation.testsuite.Day16_Alert -->
