<?xml version="1.0" encoding="UTF-8"?>
<!-- Generated by org.testng.reporters.JUnitReportReporter -->
<testsuite hostname="LAPTOP-KQUAISCN" failures="0" tests="3" name="automation.testsuite.Day17_BepAnToan_WindowPopup" time="34.120" errors="0" timestamp="2024-12-14T23:36:12 ICT" skipped="0">
  <testcase classname="automation.testsuite.Day17_BepAnToan_WindowPopup" name="handleMessagerWindowPopup" time="9.274"/>
  <system-out/>
  <testcase classname="automation.testsuite.Day17_BepAnToan_WindowPopup" name="handleMessagerWindowPopup" time="13.203"/>
  <system-out/>
  <testcase classname="automation.testsuite.Day17_BepAnToan_WindowPopup" name="handleMessagerWindowPopup" time="11.643"/>
  <system-out/>
</testsuite> <!-- automation.testsuite.Day17_BepAnToan_WindowPopup -->
