<?xml version="1.0" encoding="UTF-8"?>
<!-- Generated by org.testng.reporters.JUnitReportReporter -->
<testsuite hostname="LAPTOP-KQUAISCN" failures="0" tests="1" name="automation.testsuite.Login" time="0.011" errors="0" timestamp="2024-10-27T21:05:09 ICT" skipped="0">
  <testcase classname="automation.testsuite.Login" name="testcase1" time="0.011"/>
  <system-out/>
</testsuite> <!-- automation.testsuite.Login -->
