<?xml version="1.0" encoding="UTF-8"?>
<!-- Generated by org.testng.reporters.JUnitReportReporter -->
<testsuite hostname="LAPTOP-KQUAISCN" failures="0" tests="1" name="automation.testsuite.Day17_IFrame" time="35.310" errors="0" timestamp="2024-12-08T20:56:01 ICT" skipped="0">
  <testcase classname="automation.testsuite.Day17_IFrame" name="dangKyNhanTuVanLoTrinh_ThatBai_ThieuEmail" time="35.310"/>
  <system-out/>
</testsuite> <!-- automation.testsuite.Day17_IFrame -->
