<?xml version="1.0" encoding="UTF-8"?>
<!-- Generated by org.testng.reporters.JUnitReportReporter -->
<testsuite hostname="LAPTOP-KQUAISCN" failures="0" tests="1" name="automation.testsuite.UserManagementTest_Day14" time="8.032" errors="0" timestamp="2024-11-30T23:46:34 ICT" skipped="0">
  <testcase classname="automation.testsuite.UserManagementTest_Day14" name="AddUserSuccessfully" time="8.032"/>
  <system-out/>
</testsuite> <!-- automation.testsuite.UserManagementTest_Day14 -->
