<?xml version="1.0" encoding="UTF-8"?>
<!-- Generated by org.testng.reporters.JUnitReportReporter -->
<testsuite hostname="LAPTOP-KQUAISCN" failures="0" tests="1" name="automation.testsuite.GlobalSQA" time="9.791" errors="0" timestamp="2024-11-19T23:34:07 ICT" skipped="0">
  <testcase classname="automation.testsuite.GlobalSQA" name="chooseCountryOption" time="9.791"/>
  <system-out/>
</testsuite> <!-- automation.testsuite.GlobalSQA -->
