<?xml version="1.0" encoding="UTF-8"?>
<!-- Generated by org.testng.reporters.JUnitReportReporter -->
<testsuite hostname="LAPTOP-KQUAISCN" failures="0" tests="2" name="automation.testsuite.Day16_CodeStar_QLKLVTest" time="14.697" errors="0" timestamp="2024-12-05T21:37:22 ICT" skipped="0">
  <testcase classname="automation.testsuite.Day16_CodeStar_QLKLVTest" name="LoginSuccessfully" time="6.391"/>
  <system-out/>
  <testcase classname="automation.testsuite.Day16_CodeStar_QLKLVTest" name="ThemKLVFail_ExistsMaKVLV" time="8.306"/>
  <system-out/>
</testsuite> <!-- automation.testsuite.Day16_CodeStar_QLKLVTest -->
