<?xml version="1.0" encoding="UTF-8"?>
<!-- Generated by org.testng.reporters.JUnitReportReporter -->
<testsuite hostname="LAPTOP-KQUAISCN" failures="0" tests="1" name="automation.testsuite.practiceXpathDay8" time="8.328" errors="0" timestamp="2024-10-30T22:04:22 ICT" skipped="0">
  <testcase classname="automation.testsuite.practiceXpathDay8" name="getLocatorAutomationfc" time="8.328"/>
  <system-out/>
</testsuite> <!-- automation.testsuite.practiceXpathDay8 -->
