<?xml version="1.0" encoding="UTF-8"?>
<!-- Generated by org.testng.reporters.JUnitReportReporter -->
<testsuite hostname="LAPTOP-KQUAISCN" failures="0" tests="1" name="automation.testsuite.Techydevs" time="3.353" errors="0" timestamp="2024-11-17T13:49:57 ICT" skipped="0">
  <testcase classname="automation.testsuite.Techydevs" name="getTechydevs" time="3.353"/>
  <system-out/>
</testsuite> <!-- automation.testsuite.Techydevs -->
