<?xml version="1.0" encoding="UTF-8"?>
<!-- Generated by org.testng.reporters.JUnitReportReporter -->
<testsuite hostname="LAPTOP-KQUAISCN" failures="0" tests="2" name="automation.testsuite.Day17_PopUpWindowns" time="21.289" errors="0" timestamp="2024-12-11T21:11:01 ICT" skipped="0">
  <testcase classname="automation.testsuite.Day17_PopUpWindowns" name="handleWindown" time="8.709"/>
  <system-out/>
  <testcase classname="automation.testsuite.Day17_PopUpWindowns" name="handleWindown" time="12.580"/>
  <system-out/>
</testsuite> <!-- automation.testsuite.Day17_PopUpWindowns -->
