<?xml version="1.0" encoding="UTF-8"?>
<!-- Generated by org.testng.reporters.JUnitReportReporter -->
<testsuite hostname="LAPTOP-KQUAISCN" failures="0" tests="1" name="automation.testsuite.Alada" time="22.240" errors="0" timestamp="2024-11-07T20:20:13 ICT" skipped="0">
  <testcase classname="automation.testsuite.Alada" name="getAlada" time="22.240"/>
  <system-out/>
</testsuite> <!-- automation.testsuite.Alada -->
