<?xml version="1.0" encoding="UTF-8"?>
<!-- Generated by org.testng.reporters.JUnitReportReporter -->
<testsuite hostname="LAPTOP-KQUAISCN" failures="0" tests="1" name="automation.testsuite.Day17_PopUpWindowns" time="8.645" errors="0" timestamp="2024-12-08T20:03:15 ICT" skipped="0">
  <testcase classname="automation.testsuite.Day17_PopUpWindowns" name="handleWindown" time="8.645"/>
  <system-out/>
</testsuite> <!-- automation.testsuite.Day17_PopUpWindowns -->
