<?xml version="1.0" encoding="UTF-8"?>
<!-- Generated by org.testng.reporters.JUnitReportReporter -->
<testsuite hostname="LAPTOP-KQUAISCN" failures="0" tests="2" name="automation.testsuite.Tedu_CapNhapMatKhauTest" time="24.880" errors="0" timestamp="2024-12-01T21:37:24 ICT" skipped="0">
  <testcase classname="automation.testsuite.Tedu_CapNhapMatKhauTest" name="UpdatePasswordSuccessfully" time="14.826"/>
  <system-out/>
  <testcase classname="automation.testsuite.Tedu_CapNhapMatKhauTest" name="LoginSuccessfully" time="10.054"/>
  <system-out/>
</testsuite> <!-- automation.testsuite.Tedu_CapNhapMatKhauTest -->
