<?xml version="1.0" encoding="UTF-8"?>
<!-- Generated by org.testng.reporters.JUnitReportReporter -->
<testsuite hostname="LAPTOP-KQUAISCN" failures="0" tests="1" name="automation.testsuite.Day16_CodeStar_LoginTest" time="7.304" errors="0" timestamp="2024-12-04T20:47:56 ICT" skipped="0">
  <testcase classname="automation.testsuite.Day16_CodeStar_LoginTest" name="LoginSuccessfully" time="7.304"/>
  <system-out/>
</testsuite> <!-- automation.testsuite.Day16_CodeStar_LoginTest -->
